2024-07-03 23:33:28,945 - services.sensor_service - INFO - Starting sensor service
2024-07-03 23:33:28,946 - services.irrigation_service - INFO - Starting irrigation service
2024-07-03 23:33:28,948 - services.database_monitoring_service - INFO - Starting monitor service
2024-07-03 23:33:29,317 - services.irrigation_service - INFO - No irrigation needed
2024-07-03 23:33:29,375 - services.database_monitoring_service - INFO - New plant(s) found. Updating plant list.
2024-07-03 23:33:29,438 - services.database_monitoring_service - INFO - New sensor(s) found. Updating sensor list.
2024-07-03 23:33:29,461 - services.database_monitoring_service - INFO - New schedule(s) found. Updating schedule list.
2024-07-03 23:33:30,026 - services.sensor_service - INFO - Reading data from sensor 1 with GPIO port 4
2024-07-03 23:33:30,026 - services.sensor_service - INFO - Reading data from sensor 2 with GPIO port 4
2024-07-03 23:33:30,026 - services.sensor_service - INFO - Reading data from sensor 3 with GPIO port 5
2024-07-03 23:33:30,026 - services.sensor_service - INFO - Reading data from sensor 4 with GPIO port 5
2024-07-03 23:33:30,196 - database.models.realtime_sensor_data - INFO - Updated value with 1 of existing sensor 1 at 2024-07-03 23:33:30.026314
2024-07-03 23:33:30,240 - database.models.realtime_sensor_data - INFO - Updated value with 1 of existing sensor 2 at 2024-07-03 23:33:30.196806
2024-07-03 23:33:30,288 - database.models.realtime_sensor_data - INFO - Updated value with 1 of existing sensor 3 at 2024-07-03 23:33:30.240586
2024-07-03 23:33:30,347 - database.models.realtime_sensor_data - INFO - Updated value with 1 of existing sensor 4 at 2024-07-03 23:33:30.288647
2024-07-03 23:33:30,444 - services.irrigation_service - INFO - No irrigation needed
2024-07-03 23:33:31,601 - services.irrigation_service - INFO - No irrigation needed
2024-07-03 23:33:32,436 - services.sensor_service - INFO - Reading data from sensor 1 with GPIO port 4
2024-07-03 23:33:32,436 - services.sensor_service - INFO - Reading data from sensor 2 with GPIO port 4
2024-07-03 23:33:32,436 - services.sensor_service - INFO - Reading data from sensor 3 with GPIO port 5
2024-07-03 23:33:32,436 - services.sensor_service - INFO - Reading data from sensor 4 with GPIO port 5
2024-07-03 23:33:32,494 - database.models.realtime_sensor_data - INFO - Updated value with 1 of existing sensor 1 at 2024-07-03 23:33:32.436879
2024-07-03 23:33:32,572 - database.models.realtime_sensor_data - INFO - Updated value with 1 of existing sensor 2 at 2024-07-03 23:33:32.495262
2024-07-03 23:33:32,850 - database.models.realtime_sensor_data - INFO - Updated value with 1 of existing sensor 3 at 2024-07-03 23:33:32.572807
2024-07-03 23:33:32,917 - services.irrigation_service - INFO - No irrigation needed
2024-07-03 23:33:32,994 - database.models.realtime_sensor_data - INFO - Updated value with 1 of existing sensor 4 at 2024-07-03 23:33:32.850551
2024-07-03 23:33:34,027 - services.irrigation_service - INFO - No irrigation needed
2024-07-03 23:33:35,157 - services.sensor_service - INFO - Reading data from sensor 1 with GPIO port 4
2024-07-03 23:33:35,157 - services.sensor_service - INFO - Reading data from sensor 2 with GPIO port 4
2024-07-03 23:33:35,158 - services.sensor_service - INFO - Reading data from sensor 3 with GPIO port 5
2024-07-03 23:33:35,158 - services.sensor_service - INFO - Reading data from sensor 4 with GPIO port 5
2024-07-03 23:33:35,324 - database.models.realtime_sensor_data - INFO - Updated value with 1 of existing sensor 1 at 2024-07-03 23:33:35.158075
2024-07-03 23:33:35,420 - services.irrigation_service - INFO - No irrigation needed
2024-07-03 23:33:35,445 - database.models.realtime_sensor_data - INFO - Updated value with 1 of existing sensor 2 at 2024-07-03 23:33:35.324877
2024-07-03 23:33:35,617 - database.models.realtime_sensor_data - INFO - Updated value with 1 of existing sensor 3 at 2024-07-03 23:33:35.445868
2024-07-03 23:33:35,759 - database.models.realtime_sensor_data - INFO - Updated value with 1 of existing sensor 4 at 2024-07-03 23:33:35.617659
2024-07-03 23:33:37,512 - services.irrigation_service - INFO - No irrigation needed
2024-07-03 23:33:37,848 - services.sensor_service - INFO - Reading data from sensor 1 with GPIO port 4
2024-07-03 23:33:37,848 - services.sensor_service - INFO - Reading data from sensor 2 with GPIO port 4
2024-07-03 23:33:37,848 - services.sensor_service - INFO - Reading data from sensor 3 with GPIO port 5
2024-07-03 23:33:37,848 - services.sensor_service - INFO - Reading data from sensor 4 with GPIO port 5
2024-07-03 23:33:38,023 - database.models.realtime_sensor_data - INFO - Updated value with 1 of existing sensor 1 at 2024-07-03 23:33:37.848366
2024-07-03 23:33:38,136 - database.models.realtime_sensor_data - INFO - Updated value with 1 of existing sensor 2 at 2024-07-03 23:33:38.024169
2024-07-03 23:33:38,373 - database.models.realtime_sensor_data - INFO - Updated value with 1 of existing sensor 3 at 2024-07-03 23:33:38.137123
2024-07-03 23:33:38,527 - database.models.realtime_sensor_data - INFO - Updated value with 1 of existing sensor 4 at 2024-07-03 23:33:38.373480
2024-07-03 23:33:38,827 - services.irrigation_service - INFO - No irrigation needed
2024-07-03 23:33:40,114 - services.irrigation_service - INFO - No irrigation needed
2024-07-03 23:33:40,605 - services.sensor_service - INFO - Reading data from sensor 1 with GPIO port 4
2024-07-03 23:33:40,605 - services.sensor_service - INFO - Reading data from sensor 2 with GPIO port 4
2024-07-03 23:33:40,605 - services.sensor_service - INFO - Reading data from sensor 3 with GPIO port 5
2024-07-03 23:33:40,605 - services.sensor_service - INFO - Reading data from sensor 4 with GPIO port 5
2024-07-03 23:33:40,688 - database.models.realtime_sensor_data - INFO - Updated value with 1 of existing sensor 1 at 2024-07-03 23:33:40.605497
2024-07-03 23:33:40,792 - database.models.realtime_sensor_data - INFO - Updated value with 1 of existing sensor 2 at 2024-07-03 23:33:40.688628
2024-07-03 23:33:40,891 - database.models.realtime_sensor_data - INFO - Updated value with 1 of existing sensor 3 at 2024-07-03 23:33:40.792830
2024-07-03 23:33:41,034 - database.models.realtime_sensor_data - INFO - Updated value with 1 of existing sensor 4 at 2024-07-03 23:33:40.891428
2024-07-03 23:33:41,239 - services.irrigation_service - INFO - No irrigation needed
2024-07-03 23:33:42,482 - services.irrigation_service - INFO - No irrigation needed
2024-07-03 23:33:43,065 - services.sensor_service - INFO - Reading data from sensor 1 with GPIO port 4
2024-07-03 23:33:43,065 - services.sensor_service - INFO - Reading data from sensor 2 with GPIO port 4
2024-07-03 23:33:43,065 - services.sensor_service - INFO - Reading data from sensor 3 with GPIO port 5
2024-07-03 23:33:43,065 - services.sensor_service - INFO - Reading data from sensor 4 with GPIO port 5
2024-07-03 23:33:43,167 - database.models.realtime_sensor_data - INFO - Updated value with 1 of existing sensor 1 at 2024-07-03 23:33:43.066001
2024-07-03 23:33:43,255 - database.models.realtime_sensor_data - INFO - Updated value with 1 of existing sensor 2 at 2024-07-03 23:33:43.167302
2024-07-03 23:33:43,398 - database.models.realtime_sensor_data - INFO - Updated value with 1 of existing sensor 3 at 2024-07-03 23:33:43.255225
2024-07-03 23:33:43,546 - database.models.realtime_sensor_data - INFO - Updated value with 1 of existing sensor 4 at 2024-07-03 23:33:43.398433
2024-07-03 23:33:43,592 - services.irrigation_service - INFO - No irrigation needed
2024-07-03 23:33:44,783 - services.irrigation_service - INFO - No irrigation needed
2024-07-03 23:33:45,627 - services.sensor_service - INFO - Reading data from sensor 1 with GPIO port 4
2024-07-03 23:33:45,627 - services.sensor_service - INFO - Reading data from sensor 2 with GPIO port 4
2024-07-03 23:33:45,627 - services.sensor_service - INFO - Reading data from sensor 3 with GPIO port 5
2024-07-03 23:33:45,627 - services.sensor_service - INFO - Reading data from sensor 4 with GPIO port 5
2024-07-03 23:33:45,743 - database.models.realtime_sensor_data - INFO - Updated value with 1 of existing sensor 1 at 2024-07-03 23:33:45.627521
2024-07-03 23:33:45,957 - database.models.realtime_sensor_data - INFO - Updated value with 1 of existing sensor 2 at 2024-07-03 23:33:45.743700
2024-07-03 23:33:46,114 - services.irrigation_service - INFO - No irrigation needed
2024-07-03 23:33:46,114 - database.models.realtime_sensor_data - INFO - Updated value with 1 of existing sensor 3 at 2024-07-03 23:33:45.958148
2024-07-03 23:33:46,332 - database.models.realtime_sensor_data - INFO - Updated value with 1 of existing sensor 4 at 2024-07-03 23:33:46.115034
2024-07-03 23:33:47,368 - services.irrigation_service - INFO - No irrigation needed
2024-07-03 23:33:48,373 - services.sensor_service - INFO - Reading data from sensor 1 with GPIO port 4
2024-07-03 23:33:48,373 - services.sensor_service - INFO - Reading data from sensor 2 with GPIO port 4
2024-07-03 23:33:48,373 - services.sensor_service - INFO - Reading data from sensor 3 with GPIO port 5
2024-07-03 23:33:48,373 - services.sensor_service - INFO - Reading data from sensor 4 with GPIO port 5
2024-07-03 23:33:48,424 - database.models.realtime_sensor_data - INFO - Updated value with 1 of existing sensor 1 at 2024-07-03 23:33:48.373653
2024-07-03 23:33:48,478 - services.irrigation_service - INFO - No irrigation needed
2024-07-03 23:33:48,523 - database.models.realtime_sensor_data - INFO - Updated value with 1 of existing sensor 2 at 2024-07-03 23:33:48.424383
2024-07-03 23:33:48,580 - database.models.realtime_sensor_data - INFO - Updated value with 1 of existing sensor 3 at 2024-07-03 23:33:48.523869
2024-07-03 23:33:48,667 - database.models.realtime_sensor_data - INFO - Updated value with 1 of existing sensor 4 at 2024-07-03 23:33:48.580980
2024-07-03 23:33:49,547 - services.irrigation_service - INFO - No irrigation needed
2024-07-03 23:33:50,627 - services.irrigation_service - INFO - No irrigation needed
2024-07-03 23:33:50,700 - services.sensor_service - INFO - Reading data from sensor 1 with GPIO port 4
2024-07-03 23:33:50,700 - services.sensor_service - INFO - Reading data from sensor 2 with GPIO port 4
2024-07-03 23:33:50,700 - services.sensor_service - INFO - Reading data from sensor 3 with GPIO port 5
2024-07-03 23:33:50,700 - services.sensor_service - INFO - Reading data from sensor 4 with GPIO port 5
2024-07-03 23:33:50,748 - database.models.realtime_sensor_data - INFO - Updated value with 1 of existing sensor 1 at 2024-07-03 23:33:50.700432
2024-07-03 23:33:50,796 - database.models.realtime_sensor_data - INFO - Updated value with 1 of existing sensor 2 at 2024-07-03 23:33:50.748666
2024-07-03 23:33:50,844 - database.models.realtime_sensor_data - INFO - Updated value with 1 of existing sensor 3 at 2024-07-03 23:33:50.797072
2024-07-03 23:33:50,899 - database.models.realtime_sensor_data - INFO - Updated value with 1 of existing sensor 4 at 2024-07-03 23:33:50.844646
2024-07-03 23:33:51,693 - services.irrigation_service - INFO - No irrigation needed
2024-07-03 23:33:52,780 - services.irrigation_service - INFO - No irrigation needed
2024-07-03 23:33:52,925 - services.sensor_service - INFO - Reading data from sensor 1 with GPIO port 4
2024-07-03 23:33:52,925 - services.sensor_service - INFO - Reading data from sensor 2 with GPIO port 4
2024-07-03 23:33:52,925 - services.sensor_service - INFO - Reading data from sensor 3 with GPIO port 5
2024-07-03 23:33:52,925 - services.sensor_service - INFO - Reading data from sensor 4 with GPIO port 5
2024-07-03 23:33:52,973 - database.models.realtime_sensor_data - INFO - Updated value with 1 of existing sensor 1 at 2024-07-03 23:33:52.925392
2024-07-03 23:33:53,028 - database.models.realtime_sensor_data - INFO - Updated value with 1 of existing sensor 2 at 2024-07-03 23:33:52.973372
2024-07-03 23:33:53,079 - database.models.realtime_sensor_data - INFO - Updated value with 1 of existing sensor 3 at 2024-07-03 23:33:53.028288
2024-07-03 23:33:53,134 - database.models.realtime_sensor_data - INFO - Updated value with 1 of existing sensor 4 at 2024-07-03 23:33:53.079167
2024-07-03 23:33:53,846 - services.irrigation_service - INFO - No irrigation needed
2024-07-03 23:33:55,079 - services.irrigation_service - INFO - No irrigation needed
2024-07-03 23:33:55,176 - services.sensor_service - INFO - Reading data from sensor 1 with GPIO port 4
2024-07-03 23:33:55,176 - services.sensor_service - INFO - Reading data from sensor 2 with GPIO port 4
2024-07-03 23:33:55,176 - services.sensor_service - INFO - Reading data from sensor 3 with GPIO port 5
2024-07-03 23:33:55,176 - services.sensor_service - INFO - Reading data from sensor 4 with GPIO port 5
2024-07-03 23:33:55,237 - database.models.realtime_sensor_data - INFO - Updated value with 1 of existing sensor 1 at 2024-07-03 23:33:55.176913
2024-07-03 23:33:55,317 - database.models.realtime_sensor_data - INFO - Updated value with 1 of existing sensor 2 at 2024-07-03 23:33:55.238002
2024-07-03 23:33:55,435 - database.models.realtime_sensor_data - INFO - Updated value with 1 of existing sensor 3 at 2024-07-03 23:33:55.317589
2024-07-03 23:33:55,544 - database.models.realtime_sensor_data - INFO - Updated value with 1 of existing sensor 4 at 2024-07-03 23:33:55.436146
2024-07-03 23:33:56,266 - services.irrigation_service - INFO - No irrigation needed
2024-07-03 23:33:57,410 - services.irrigation_service - INFO - No irrigation needed
2024-07-03 23:33:57,584 - services.sensor_service - INFO - Reading data from sensor 1 with GPIO port 4
2024-07-03 23:33:57,584 - services.sensor_service - INFO - Reading data from sensor 2 with GPIO port 4
2024-07-03 23:33:57,584 - services.sensor_service - INFO - Reading data from sensor 3 with GPIO port 5
2024-07-03 23:33:57,584 - services.sensor_service - INFO - Reading data from sensor 4 with GPIO port 5
2024-07-03 23:33:57,691 - database.models.realtime_sensor_data - INFO - Updated value with 1 of existing sensor 1 at 2024-07-03 23:33:57.584356
2024-07-03 23:33:57,795 - database.models.realtime_sensor_data - INFO - Updated value with 1 of existing sensor 2 at 2024-07-03 23:33:57.691944
2024-07-03 23:33:57,893 - database.models.realtime_sensor_data - INFO - Updated value with 1 of existing sensor 3 at 2024-07-03 23:33:57.795170
2024-07-03 23:33:57,996 - database.models.realtime_sensor_data - INFO - Updated value with 1 of existing sensor 4 at 2024-07-03 23:33:57.893851
2024-07-03 23:33:58,616 - services.irrigation_service - INFO - No irrigation needed
2024-07-03 23:34:00,156 - services.sensor_service - INFO - Reading data from sensor 1 with GPIO port 4
2024-07-03 23:34:00,156 - services.sensor_service - INFO - Reading data from sensor 2 with GPIO port 4
2024-07-03 23:34:00,156 - services.sensor_service - INFO - Reading data from sensor 3 with GPIO port 5
2024-07-03 23:34:00,156 - services.sensor_service - INFO - Reading data from sensor 4 with GPIO port 5
2024-07-03 23:34:00,321 - database.models.realtime_sensor_data - INFO - Updated value with 1 of existing sensor 1 at 2024-07-03 23:34:00.156775
2024-07-03 23:34:00,324 - services.irrigation_service - INFO - No irrigation needed
2024-07-03 23:34:00,721 - database.models.realtime_sensor_data - INFO - Updated value with 1 of existing sensor 2 at 2024-07-03 23:34:00.321892
2024-07-03 23:34:00,789 - database.models.realtime_sensor_data - INFO - Updated value with 1 of existing sensor 3 at 2024-07-03 23:34:00.721875
2024-07-03 23:34:00,891 - database.models.realtime_sensor_data - INFO - Updated value with 1 of existing sensor 4 at 2024-07-03 23:34:00.789960
2024-07-03 23:34:01,501 - services.irrigation_service - INFO - No irrigation needed
2024-07-03 23:34:02,601 - services.irrigation_service - INFO - No irrigation needed
2024-07-03 23:34:02,969 - services.sensor_service - INFO - Reading data from sensor 1 with GPIO port 4
2024-07-03 23:34:02,969 - services.sensor_service - INFO - Reading data from sensor 2 with GPIO port 4
2024-07-03 23:34:02,969 - services.sensor_service - INFO - Reading data from sensor 3 with GPIO port 5
2024-07-03 23:34:02,969 - services.sensor_service - INFO - Reading data from sensor 4 with GPIO port 5
2024-07-03 23:34:03,153 - database.models.realtime_sensor_data - INFO - Updated value with 1 of existing sensor 1 at 2024-07-03 23:34:02.969918
2024-07-03 23:34:03,424 - database.models.realtime_sensor_data - INFO - Updated value with 1 of existing sensor 2 at 2024-07-03 23:34:03.153779
2024-07-03 23:34:03,739 - database.models.realtime_sensor_data - INFO - Updated value with 1 of existing sensor 3 at 2024-07-03 23:34:03.424492
2024-07-03 23:34:03,937 - database.models.realtime_sensor_data - INFO - Updated value with 1 of existing sensor 4 at 2024-07-03 23:34:03.739743
2024-07-03 23:34:03,938 - services.irrigation_service - INFO - No irrigation needed
2024-07-03 23:34:05,184 - services.irrigation_service - INFO - No irrigation needed
2024-07-03 23:34:05,997 - services.sensor_service - INFO - Reading data from sensor 1 with GPIO port 4
2024-07-03 23:34:05,997 - services.sensor_service - INFO - Reading data from sensor 2 with GPIO port 4
2024-07-03 23:34:05,997 - services.sensor_service - INFO - Reading data from sensor 3 with GPIO port 5
2024-07-03 23:34:05,997 - services.sensor_service - INFO - Reading data from sensor 4 with GPIO port 5
2024-07-03 23:34:06,045 - database.models.realtime_sensor_data - INFO - Updated value with 1 of existing sensor 1 at 2024-07-03 23:34:05.997701
2024-07-03 23:34:06,174 - database.models.realtime_sensor_data - INFO - Updated value with 1 of existing sensor 2 at 2024-07-03 23:34:06.045686
2024-07-03 23:34:06,296 - database.models.realtime_sensor_data - INFO - Updated value with 1 of existing sensor 3 at 2024-07-03 23:34:06.174994
2024-07-03 23:34:06,376 - services.irrigation_service - INFO - No irrigation needed
2024-07-03 23:34:06,472 - database.models.realtime_sensor_data - INFO - Updated value with 1 of existing sensor 4 at 2024-07-03 23:34:06.296875
2024-07-03 23:34:07,642 - services.irrigation_service - INFO - No irrigation needed
2024-07-03 23:34:08,498 - services.sensor_service - INFO - Reading data from sensor 1 with GPIO port 4
2024-07-03 23:34:08,498 - services.sensor_service - INFO - Reading data from sensor 2 with GPIO port 4
2024-07-03 23:34:08,498 - services.sensor_service - INFO - Reading data from sensor 3 with GPIO port 5
2024-07-03 23:34:08,498 - services.sensor_service - INFO - Reading data from sensor 4 with GPIO port 5
2024-07-03 23:34:08,665 - database.models.realtime_sensor_data - INFO - Updated value with 1 of existing sensor 1 at 2024-07-03 23:34:08.498676
2024-07-03 23:34:08,744 - database.models.realtime_sensor_data - INFO - Updated value with 1 of existing sensor 2 at 2024-07-03 23:34:08.665698
2024-07-03 23:34:08,876 - services.irrigation_service - INFO - No irrigation needed
2024-07-03 23:34:08,907 - database.models.realtime_sensor_data - INFO - Updated value with 1 of existing sensor 3 at 2024-07-03 23:34:08.744411
2024-07-03 23:34:09,090 - database.models.realtime_sensor_data - INFO - Updated value with 1 of existing sensor 4 at 2024-07-03 23:34:08.908139
2024-07-03 23:34:10,037 - services.irrigation_service - INFO - No irrigation needed
2024-07-03 23:34:11,128 - services.sensor_service - INFO - Reading data from sensor 1 with GPIO port 4
2024-07-03 23:34:11,129 - services.sensor_service - INFO - Reading data from sensor 2 with GPIO port 4
2024-07-03 23:34:11,129 - services.sensor_service - INFO - Reading data from sensor 3 with GPIO port 5
2024-07-03 23:34:11,129 - services.sensor_service - INFO - Reading data from sensor 4 with GPIO port 5
2024-07-03 23:34:11,131 - services.irrigation_service - INFO - No irrigation needed
2024-07-03 23:34:11,186 - database.models.realtime_sensor_data - INFO - Updated value with 1 of existing sensor 1 at 2024-07-03 23:34:11.129546
2024-07-03 23:34:11,234 - database.models.realtime_sensor_data - INFO - Updated value with 1 of existing sensor 2 at 2024-07-03 23:34:11.187102
2024-07-03 23:34:11,290 - database.models.realtime_sensor_data - INFO - Updated value with 1 of existing sensor 3 at 2024-07-03 23:34:11.234421
2024-07-03 23:34:11,339 - database.models.realtime_sensor_data - INFO - Updated value with 1 of existing sensor 4 at 2024-07-03 23:34:11.290736
2024-07-03 23:34:12,194 - services.irrigation_service - INFO - No irrigation needed
2024-07-03 23:34:13,293 - services.irrigation_service - INFO - No irrigation needed
2024-07-03 23:34:13,366 - services.sensor_service - INFO - Reading data from sensor 1 with GPIO port 4
2024-07-03 23:34:13,366 - services.sensor_service - INFO - Reading data from sensor 2 with GPIO port 4
2024-07-03 23:34:13,366 - services.sensor_service - INFO - Reading data from sensor 3 with GPIO port 5
2024-07-03 23:34:13,366 - services.sensor_service - INFO - Reading data from sensor 4 with GPIO port 5
2024-07-03 23:34:13,412 - database.models.realtime_sensor_data - INFO - Updated value with 1 of existing sensor 1 at 2024-07-03 23:34:13.366891
2024-07-03 23:34:13,457 - database.models.realtime_sensor_data - INFO - Updated value with 1 of existing sensor 2 at 2024-07-03 23:34:13.412715
2024-07-03 23:34:13,505 - database.models.realtime_sensor_data - INFO - Updated value with 1 of existing sensor 3 at 2024-07-03 23:34:13.457365
2024-07-03 23:34:13,550 - database.models.realtime_sensor_data - INFO - Updated value with 1 of existing sensor 4 at 2024-07-03 23:34:13.506117
2024-07-03 23:34:14,371 - services.irrigation_service - INFO - No irrigation needed
2024-07-03 23:34:15,451 - services.irrigation_service - INFO - No irrigation needed
2024-07-03 23:34:15,583 - services.sensor_service - INFO - Reading data from sensor 1 with GPIO port 4
2024-07-03 23:34:15,583 - services.sensor_service - INFO - Reading data from sensor 2 with GPIO port 4
2024-07-03 23:34:15,583 - services.sensor_service - INFO - Reading data from sensor 3 with GPIO port 5
2024-07-03 23:34:15,583 - services.sensor_service - INFO - Reading data from sensor 4 with GPIO port 5
2024-07-03 23:34:15,634 - database.models.realtime_sensor_data - INFO - Updated value with 1 of existing sensor 1 at 2024-07-03 23:34:15.583496
2024-07-03 23:34:15,692 - database.models.realtime_sensor_data - INFO - Updated value with 1 of existing sensor 2 at 2024-07-03 23:34:15.635038
2024-07-03 23:34:15,742 - database.models.realtime_sensor_data - INFO - Updated value with 1 of existing sensor 3 at 2024-07-03 23:34:15.692583
2024-07-03 23:34:15,790 - database.models.realtime_sensor_data - INFO - Updated value with 1 of existing sensor 4 at 2024-07-03 23:34:15.743162
2024-07-03 23:34:16,528 - services.irrigation_service - INFO - No irrigation needed
2024-07-03 23:34:17,598 - services.irrigation_service - INFO - No irrigation needed
2024-07-03 23:34:17,815 - services.sensor_service - INFO - Reading data from sensor 1 with GPIO port 4
2024-07-03 23:34:17,815 - services.sensor_service - INFO - Reading data from sensor 2 with GPIO port 4
2024-07-03 23:34:17,816 - services.sensor_service - INFO - Reading data from sensor 3 with GPIO port 5
2024-07-03 23:34:17,816 - services.sensor_service - INFO - Reading data from sensor 4 with GPIO port 5
2024-07-03 23:34:17,866 - database.models.realtime_sensor_data - INFO - Updated value with 1 of existing sensor 1 at 2024-07-03 23:34:17.816076
2024-07-03 23:34:17,911 - database.models.realtime_sensor_data - INFO - Updated value with 1 of existing sensor 2 at 2024-07-03 23:34:17.867144
2024-07-03 23:34:17,963 - database.models.realtime_sensor_data - INFO - Updated value with 1 of existing sensor 3 at 2024-07-03 23:34:17.912062
2024-07-03 23:34:18,036 - database.models.realtime_sensor_data - INFO - Updated value with 1 of existing sensor 4 at 2024-07-03 23:34:17.963605
2024-07-03 23:34:18,678 - services.irrigation_service - INFO - No irrigation needed
2024-07-03 23:34:19,743 - services.irrigation_service - INFO - No irrigation needed
2024-07-03 23:34:20,066 - services.sensor_service - INFO - Reading data from sensor 1 with GPIO port 4
2024-07-03 23:34:20,066 - services.sensor_service - INFO - Reading data from sensor 2 with GPIO port 4
2024-07-03 23:34:20,066 - services.sensor_service - INFO - Reading data from sensor 3 with GPIO port 5
2024-07-03 23:34:20,066 - services.sensor_service - INFO - Reading data from sensor 4 with GPIO port 5
2024-07-03 23:34:20,130 - database.models.realtime_sensor_data - INFO - Updated value with 1 of existing sensor 1 at 2024-07-03 23:34:20.066906
2024-07-03 23:34:20,179 - database.models.realtime_sensor_data - INFO - Updated value with 1 of existing sensor 2 at 2024-07-03 23:34:20.131103
2024-07-03 23:34:20,222 - database.models.realtime_sensor_data - INFO - Updated value with 1 of existing sensor 3 at 2024-07-03 23:34:20.180200
2024-07-03 23:34:20,268 - database.models.realtime_sensor_data - INFO - Updated value with 1 of existing sensor 4 at 2024-07-03 23:34:20.223208
2024-07-03 23:34:20,839 - services.irrigation_service - INFO - No irrigation needed
2024-07-03 23:34:21,905 - services.irrigation_service - INFO - No irrigation needed
2024-07-03 23:34:22,298 - services.sensor_service - INFO - Reading data from sensor 1 with GPIO port 4
2024-07-03 23:34:22,298 - services.sensor_service - INFO - Reading data from sensor 2 with GPIO port 4
2024-07-03 23:34:22,298 - services.sensor_service - INFO - Reading data from sensor 3 with GPIO port 5
2024-07-03 23:34:22,298 - services.sensor_service - INFO - Reading data from sensor 4 with GPIO port 5
2024-07-03 23:34:22,343 - database.models.realtime_sensor_data - INFO - Updated value with 1 of existing sensor 1 at 2024-07-03 23:34:22.298910
2024-07-03 23:34:22,386 - database.models.realtime_sensor_data - INFO - Updated value with 1 of existing sensor 2 at 2024-07-03 23:34:22.343972
2024-07-03 23:34:22,429 - database.models.realtime_sensor_data - INFO - Updated value with 1 of existing sensor 3 at 2024-07-03 23:34:22.386389
2024-07-03 23:34:22,477 - database.models.realtime_sensor_data - INFO - Updated value with 1 of existing sensor 4 at 2024-07-03 23:34:22.429775
2024-07-03 23:34:22,971 - services.irrigation_service - INFO - No irrigation needed
2024-07-03 23:34:24,036 - services.irrigation_service - INFO - No irrigation needed
2024-07-03 23:34:24,500 - services.sensor_service - INFO - Reading data from sensor 1 with GPIO port 4
2024-07-03 23:34:24,500 - services.sensor_service - INFO - Reading data from sensor 2 with GPIO port 4
2024-07-03 23:34:24,500 - services.sensor_service - INFO - Reading data from sensor 3 with GPIO port 5
2024-07-03 23:34:24,500 - services.sensor_service - INFO - Reading data from sensor 4 with GPIO port 5
2024-07-03 23:34:24,553 - database.models.realtime_sensor_data - INFO - Updated value with 1 of existing sensor 1 at 2024-07-03 23:34:24.500266
2024-07-03 23:34:24,599 - database.models.realtime_sensor_data - INFO - Updated value with 1 of existing sensor 2 at 2024-07-03 23:34:24.553776
2024-07-03 23:34:24,642 - database.models.realtime_sensor_data - INFO - Updated value with 1 of existing sensor 3 at 2024-07-03 23:34:24.599683
2024-07-03 23:34:24,690 - database.models.realtime_sensor_data - INFO - Updated value with 1 of existing sensor 4 at 2024-07-03 23:34:24.643077
2024-07-03 23:34:25,118 - services.irrigation_service - INFO - No irrigation needed
2024-07-03 23:34:26,199 - services.irrigation_service - INFO - No irrigation needed
2024-07-03 23:34:26,769 - services.sensor_service - INFO - Reading data from sensor 1 with GPIO port 4
2024-07-03 23:34:26,770 - services.sensor_service - INFO - Reading data from sensor 2 with GPIO port 4
2024-07-03 23:34:26,770 - services.sensor_service - INFO - Reading data from sensor 3 with GPIO port 5
2024-07-03 23:34:26,770 - services.sensor_service - INFO - Reading data from sensor 4 with GPIO port 5
2024-07-03 23:34:26,880 - database.models.realtime_sensor_data - INFO - Updated value with 1 of existing sensor 1 at 2024-07-03 23:34:26.770402
2024-07-03 23:34:26,928 - database.models.realtime_sensor_data - INFO - Updated value with 1 of existing sensor 2 at 2024-07-03 23:34:26.881152
2024-07-03 23:34:26,978 - database.models.realtime_sensor_data - INFO - Updated value with 1 of existing sensor 3 at 2024-07-03 23:34:26.928590
2024-07-03 23:34:27,045 - database.models.realtime_sensor_data - INFO - Updated value with 1 of existing sensor 4 at 2024-07-03 23:34:26.979144
2024-07-03 23:34:27,585 - services.irrigation_service - INFO - No irrigation needed
2024-07-03 23:34:28,842 - services.irrigation_service - INFO - No irrigation needed
2024-07-03 23:34:29,086 - services.sensor_service - INFO - Reading data from sensor 1 with GPIO port 4
2024-07-03 23:34:29,086 - services.sensor_service - INFO - Reading data from sensor 2 with GPIO port 4
2024-07-03 23:34:29,086 - services.sensor_service - INFO - Reading data from sensor 3 with GPIO port 5
2024-07-03 23:34:29,086 - services.sensor_service - INFO - Reading data from sensor 4 with GPIO port 5
2024-07-03 23:34:29,160 - database.models.realtime_sensor_data - INFO - Updated value with 1 of existing sensor 1 at 2024-07-03 23:34:29.086613
2024-07-03 23:34:29,210 - database.models.realtime_sensor_data - INFO - Updated value with 1 of existing sensor 2 at 2024-07-03 23:34:29.160988
2024-07-03 23:34:29,259 - database.models.realtime_sensor_data - INFO - Updated value with 1 of existing sensor 3 at 2024-07-03 23:34:29.210406
2024-07-03 23:34:29,392 - database.models.realtime_sensor_data - INFO - Updated value with 1 of existing sensor 4 at 2024-07-03 23:34:29.259354
2024-07-03 23:34:29,943 - services.irrigation_service - INFO - No irrigation needed
2024-07-03 23:34:31,066 - services.irrigation_service - INFO - No irrigation needed
2024-07-03 23:34:31,419 - services.sensor_service - INFO - Reading data from sensor 1 with GPIO port 4
2024-07-03 23:34:31,419 - services.sensor_service - INFO - Reading data from sensor 2 with GPIO port 4
2024-07-03 23:34:31,419 - services.sensor_service - INFO - Reading data from sensor 3 with GPIO port 5
2024-07-03 23:34:31,419 - services.sensor_service - INFO - Reading data from sensor 4 with GPIO port 5
2024-07-03 23:34:31,465 - database.models.realtime_sensor_data - INFO - Updated value with 1 of existing sensor 1 at 2024-07-03 23:34:31.419836
2024-07-03 23:34:31,510 - database.models.realtime_sensor_data - INFO - Updated value with 1 of existing sensor 2 at 2024-07-03 23:34:31.466119
2024-07-03 23:34:31,569 - database.models.realtime_sensor_data - INFO - Updated value with 1 of existing sensor 3 at 2024-07-03 23:34:31.510888
2024-07-03 23:34:31,620 - database.models.realtime_sensor_data - INFO - Updated value with 1 of existing sensor 4 at 2024-07-03 23:34:31.569272
2024-07-03 23:34:32,157 - services.irrigation_service - INFO - No irrigation needed
2024-07-03 23:34:33,285 - services.irrigation_service - INFO - No irrigation needed
2024-07-03 23:34:33,667 - services.sensor_service - INFO - Reading data from sensor 1 with GPIO port 4
2024-07-03 23:34:33,668 - services.sensor_service - INFO - Reading data from sensor 2 with GPIO port 4
2024-07-03 23:34:33,668 - services.sensor_service - INFO - Reading data from sensor 3 with GPIO port 5
2024-07-03 23:34:33,668 - services.sensor_service - INFO - Reading data from sensor 4 with GPIO port 5
2024-07-03 23:34:33,729 - database.models.realtime_sensor_data - INFO - Updated value with 1 of existing sensor 1 at 2024-07-03 23:34:33.668497
2024-07-03 23:34:33,785 - database.models.realtime_sensor_data - INFO - Updated value with 1 of existing sensor 2 at 2024-07-03 23:34:33.729587
2024-07-03 23:34:33,835 - database.models.realtime_sensor_data - INFO - Updated value with 1 of existing sensor 3 at 2024-07-03 23:34:33.785541
2024-07-03 23:34:33,886 - database.models.realtime_sensor_data - INFO - Updated value with 1 of existing sensor 4 at 2024-07-03 23:34:33.835540
2024-07-03 23:34:34,357 - services.irrigation_service - INFO - No irrigation needed
2024-07-03 23:34:35,451 - services.irrigation_service - INFO - No irrigation needed
2024-07-03 23:34:35,914 - services.sensor_service - INFO - Reading data from sensor 1 with GPIO port 4
2024-07-03 23:34:35,914 - services.sensor_service - INFO - Reading data from sensor 2 with GPIO port 4
2024-07-03 23:34:35,914 - services.sensor_service - INFO - Reading data from sensor 3 with GPIO port 5
2024-07-03 23:34:35,914 - services.sensor_service - INFO - Reading data from sensor 4 with GPIO port 5
2024-07-03 23:34:35,965 - database.models.realtime_sensor_data - INFO - Updated value with 1 of existing sensor 1 at 2024-07-03 23:34:35.914736
2024-07-03 23:34:36,012 - database.models.realtime_sensor_data - INFO - Updated value with 1 of existing sensor 2 at 2024-07-03 23:34:35.966071
2024-07-03 23:34:36,064 - database.models.realtime_sensor_data - INFO - Updated value with 1 of existing sensor 3 at 2024-07-03 23:34:36.012610
2024-07-03 23:34:36,111 - database.models.realtime_sensor_data - INFO - Updated value with 1 of existing sensor 4 at 2024-07-03 23:34:36.065151
2024-07-03 23:34:36,525 - services.irrigation_service - INFO - No irrigation needed
2024-07-03 23:34:37,593 - services.irrigation_service - INFO - No irrigation needed
2024-07-03 23:34:38,137 - services.sensor_service - INFO - Reading data from sensor 1 with GPIO port 4
2024-07-03 23:34:38,137 - services.sensor_service - INFO - Reading data from sensor 2 with GPIO port 4
2024-07-03 23:34:38,137 - services.sensor_service - INFO - Reading data from sensor 3 with GPIO port 5
2024-07-03 23:34:38,137 - services.sensor_service - INFO - Reading data from sensor 4 with GPIO port 5
2024-07-03 23:34:38,190 - database.models.realtime_sensor_data - INFO - Updated value with 1 of existing sensor 1 at 2024-07-03 23:34:38.137542
2024-07-03 23:34:38,243 - database.models.realtime_sensor_data - INFO - Updated value with 1 of existing sensor 2 at 2024-07-03 23:34:38.191239
2024-07-03 23:34:38,295 - database.models.realtime_sensor_data - INFO - Updated value with 1 of existing sensor 3 at 2024-07-03 23:34:38.243718
2024-07-03 23:34:38,359 - database.models.realtime_sensor_data - INFO - Updated value with 1 of existing sensor 4 at 2024-07-03 23:34:38.295968
2024-07-03 23:34:38,660 - services.irrigation_service - INFO - No irrigation needed
2024-07-03 23:34:39,733 - services.irrigation_service - INFO - No irrigation needed
2024-07-03 23:34:40,401 - services.sensor_service - INFO - Reading data from sensor 1 with GPIO port 4
2024-07-03 23:34:40,401 - services.sensor_service - INFO - Reading data from sensor 2 with GPIO port 4
2024-07-03 23:34:40,402 - services.sensor_service - INFO - Reading data from sensor 3 with GPIO port 5
2024-07-03 23:34:40,402 - services.sensor_service - INFO - Reading data from sensor 4 with GPIO port 5
2024-07-03 23:34:40,450 - database.models.realtime_sensor_data - INFO - Updated value with 1 of existing sensor 1 at 2024-07-03 23:34:40.402144
2024-07-03 23:34:40,496 - database.models.realtime_sensor_data - INFO - Updated value with 1 of existing sensor 2 at 2024-07-03 23:34:40.450851
2024-07-03 23:34:40,548 - database.models.realtime_sensor_data - INFO - Updated value with 1 of existing sensor 3 at 2024-07-03 23:34:40.496576
2024-07-03 23:34:40,598 - database.models.realtime_sensor_data - INFO - Updated value with 1 of existing sensor 4 at 2024-07-03 23:34:40.548372
2024-07-03 23:34:40,805 - services.irrigation_service - INFO - No irrigation needed
2024-07-03 23:34:41,879 - services.irrigation_service - INFO - No irrigation needed
2024-07-03 23:34:42,631 - services.sensor_service - INFO - Reading data from sensor 1 with GPIO port 4
2024-07-03 23:34:42,635 - services.sensor_service - INFO - Reading data from sensor 2 with GPIO port 4
2024-07-03 23:34:42,635 - services.sensor_service - INFO - Reading data from sensor 3 with GPIO port 5
2024-07-03 23:34:42,635 - services.sensor_service - INFO - Reading data from sensor 4 with GPIO port 5
2024-07-03 23:34:42,688 - database.models.realtime_sensor_data - INFO - Updated value with 1 of existing sensor 1 at 2024-07-03 23:34:42.635394
2024-07-03 23:34:42,742 - database.models.realtime_sensor_data - INFO - Updated value with 1 of existing sensor 2 at 2024-07-03 23:34:42.688756
2024-07-03 23:34:42,791 - database.models.realtime_sensor_data - INFO - Updated value with 1 of existing sensor 3 at 2024-07-03 23:34:42.742845
2024-07-03 23:34:42,835 - database.models.realtime_sensor_data - INFO - Updated value with 1 of existing sensor 4 at 2024-07-03 23:34:42.791484
2024-07-03 23:34:42,955 - services.irrigation_service - INFO - No irrigation needed
2024-07-03 23:34:44,034 - services.irrigation_service - INFO - No irrigation needed
2024-07-03 23:34:44,864 - services.sensor_service - INFO - Reading data from sensor 1 with GPIO port 4
2024-07-03 23:34:44,864 - services.sensor_service - INFO - Reading data from sensor 2 with GPIO port 4
2024-07-03 23:34:44,865 - services.sensor_service - INFO - Reading data from sensor 3 with GPIO port 5
2024-07-03 23:34:44,865 - services.sensor_service - INFO - Reading data from sensor 4 with GPIO port 5
2024-07-03 23:34:44,938 - database.models.realtime_sensor_data - INFO - Updated value with 1 of existing sensor 1 at 2024-07-03 23:34:44.865136
2024-07-03 23:34:44,990 - database.models.realtime_sensor_data - INFO - Updated value with 1 of existing sensor 2 at 2024-07-03 23:34:44.939147
2024-07-03 23:34:45,041 - database.models.realtime_sensor_data - INFO - Updated value with 1 of existing sensor 3 at 2024-07-03 23:34:44.990511
2024-07-03 23:34:45,145 - database.models.realtime_sensor_data - INFO - Updated value with 1 of existing sensor 4 at 2024-07-03 23:34:45.041490
2024-07-03 23:34:45,167 - services.irrigation_service - INFO - No irrigation needed
2024-07-03 23:34:46,278 - services.irrigation_service - INFO - No irrigation needed
2024-07-03 23:34:47,172 - services.sensor_service - INFO - Reading data from sensor 1 with GPIO port 4
2024-07-03 23:34:47,172 - services.sensor_service - INFO - Reading data from sensor 2 with GPIO port 4
2024-07-03 23:34:47,172 - services.sensor_service - INFO - Reading data from sensor 3 with GPIO port 5
2024-07-03 23:34:47,172 - services.sensor_service - INFO - Reading data from sensor 4 with GPIO port 5
2024-07-03 23:34:47,218 - database.models.realtime_sensor_data - INFO - Updated value with 1 of existing sensor 1 at 2024-07-03 23:34:47.172460
2024-07-03 23:34:47,261 - database.models.realtime_sensor_data - INFO - Updated value with 1 of existing sensor 2 at 2024-07-03 23:34:47.218557
2024-07-03 23:34:47,313 - database.models.realtime_sensor_data - INFO - Updated value with 1 of existing sensor 3 at 2024-07-03 23:34:47.261919
2024-07-03 23:34:47,351 - services.irrigation_service - INFO - No irrigation needed
2024-07-03 23:34:47,356 - database.models.realtime_sensor_data - INFO - Updated value with 1 of existing sensor 4 at 2024-07-03 23:34:47.313501
2024-07-03 23:34:48,463 - services.irrigation_service - INFO - No irrigation needed
2024-07-03 23:34:49,420 - services.sensor_service - INFO - Reading data from sensor 1 with GPIO port 4
2024-07-03 23:34:49,421 - services.sensor_service - INFO - Reading data from sensor 2 with GPIO port 4
2024-07-03 23:34:49,421 - services.sensor_service - INFO - Reading data from sensor 3 with GPIO port 5
2024-07-03 23:34:49,421 - services.sensor_service - INFO - Reading data from sensor 4 with GPIO port 5
2024-07-03 23:34:49,527 - database.models.realtime_sensor_data - INFO - Updated value with 1 of existing sensor 1 at 2024-07-03 23:34:49.421279
2024-07-03 23:34:49,565 - services.irrigation_service - INFO - No irrigation needed
2024-07-03 23:34:49,583 - database.models.realtime_sensor_data - INFO - Updated value with 1 of existing sensor 2 at 2024-07-03 23:34:49.527333
2024-07-03 23:34:49,631 - database.models.realtime_sensor_data - INFO - Updated value with 1 of existing sensor 3 at 2024-07-03 23:34:49.583484
2024-07-03 23:34:49,690 - database.models.realtime_sensor_data - INFO - Updated value with 1 of existing sensor 4 at 2024-07-03 23:34:49.631403
2024-07-03 23:34:50,683 - services.irrigation_service - INFO - No irrigation needed
2024-07-03 23:34:51,731 - services.sensor_service - INFO - Reading data from sensor 1 with GPIO port 4
2024-07-03 23:34:51,731 - services.sensor_service - INFO - Reading data from sensor 2 with GPIO port 4
2024-07-03 23:34:51,731 - services.sensor_service - INFO - Reading data from sensor 3 with GPIO port 5
2024-07-03 23:34:51,731 - services.sensor_service - INFO - Reading data from sensor 4 with GPIO port 5
2024-07-03 23:34:51,822 - services.irrigation_service - INFO - No irrigation needed
2024-07-03 23:34:51,836 - database.models.realtime_sensor_data - INFO - Updated value with 1 of existing sensor 1 at 2024-07-03 23:34:51.731863
2024-07-03 23:34:51,894 - database.models.realtime_sensor_data - INFO - Updated value with 1 of existing sensor 2 at 2024-07-03 23:34:51.837077
2024-07-03 23:34:51,940 - database.models.realtime_sensor_data - INFO - Updated value with 1 of existing sensor 3 at 2024-07-03 23:34:51.894840
2024-07-03 23:34:51,986 - database.models.realtime_sensor_data - INFO - Updated value with 1 of existing sensor 4 at 2024-07-03 23:34:51.940860
2024-07-03 23:34:53,226 - services.irrigation_service - INFO - No irrigation needed
2024-07-03 23:34:54,038 - services.sensor_service - INFO - Reading data from sensor 1 with GPIO port 4
2024-07-03 23:34:54,038 - services.sensor_service - INFO - Reading data from sensor 2 with GPIO port 4
2024-07-03 23:34:54,038 - services.sensor_service - INFO - Reading data from sensor 3 with GPIO port 5
2024-07-03 23:34:54,038 - services.sensor_service - INFO - Reading data from sensor 4 with GPIO port 5
2024-07-03 23:34:54,153 - database.models.realtime_sensor_data - INFO - Updated value with 1 of existing sensor 1 at 2024-07-03 23:34:54.039017
2024-07-03 23:34:54,217 - database.models.realtime_sensor_data - INFO - Updated value with 1 of existing sensor 2 at 2024-07-03 23:34:54.153591
2024-07-03 23:34:54,319 - database.models.realtime_sensor_data - INFO - Updated value with 1 of existing sensor 3 at 2024-07-03 23:34:54.217358
2024-07-03 23:34:54,455 - services.irrigation_service - INFO - No irrigation needed
2024-07-03 23:34:54,496 - database.models.realtime_sensor_data - INFO - Updated value with 1 of existing sensor 4 at 2024-07-03 23:34:54.319911
2024-07-03 23:34:55,593 - services.irrigation_service - INFO - No irrigation needed
2024-07-03 23:34:56,541 - services.sensor_service - INFO - Reading data from sensor 1 with GPIO port 4
2024-07-03 23:34:56,541 - services.sensor_service - INFO - Reading data from sensor 2 with GPIO port 4
2024-07-03 23:34:56,541 - services.sensor_service - INFO - Reading data from sensor 3 with GPIO port 5
2024-07-03 23:34:56,541 - services.sensor_service - INFO - Reading data from sensor 4 with GPIO port 5
2024-07-03 23:34:56,820 - database.models.realtime_sensor_data - INFO - Updated value with 1 of existing sensor 1 at 2024-07-03 23:34:56.541932
2024-07-03 23:34:57,003 - database.models.realtime_sensor_data - INFO - Updated value with 1 of existing sensor 2 at 2024-07-03 23:34:56.820795
2024-07-03 23:34:57,007 - services.irrigation_service - INFO - No irrigation needed
2024-07-03 23:34:57,118 - database.models.realtime_sensor_data - INFO - Updated value with 1 of existing sensor 3 at 2024-07-03 23:34:57.004199
2024-07-03 23:34:57,270 - database.models.realtime_sensor_data - INFO - Updated value with 1 of existing sensor 4 at 2024-07-03 23:34:57.118950
2024-07-03 23:34:58,167 - services.irrigation_service - INFO - No irrigation needed
2024-07-03 23:34:59,348 - services.sensor_service - INFO - Reading data from sensor 1 with GPIO port 4
2024-07-03 23:34:59,348 - services.sensor_service - INFO - Reading data from sensor 2 with GPIO port 4
2024-07-03 23:34:59,348 - services.sensor_service - INFO - Reading data from sensor 3 with GPIO port 5
2024-07-03 23:34:59,348 - services.sensor_service - INFO - Reading data from sensor 4 with GPIO port 5
2024-07-03 23:34:59,366 - services.irrigation_service - INFO - No irrigation needed
2024-07-03 23:34:59,495 - database.models.realtime_sensor_data - INFO - Updated value with 1 of existing sensor 1 at 2024-07-03 23:34:59.348570
2024-07-03 23:34:59,625 - database.models.realtime_sensor_data - INFO - Updated value with 1 of existing sensor 2 at 2024-07-03 23:34:59.495297
2024-07-03 23:34:59,714 - database.models.realtime_sensor_data - INFO - Updated value with 1 of existing sensor 3 at 2024-07-03 23:34:59.626060
2024-07-03 23:34:59,786 - database.models.realtime_sensor_data - INFO - Updated value with 1 of existing sensor 4 at 2024-07-03 23:34:59.714702
2024-07-03 23:35:00,498 - services.irrigation_service - INFO - No irrigation needed
2024-07-03 23:35:01,573 - services.irrigation_service - INFO - No irrigation needed
2024-07-03 23:35:01,814 - services.sensor_service - INFO - Reading data from sensor 1 with GPIO port 4
2024-07-03 23:35:01,814 - services.sensor_service - INFO - Reading data from sensor 2 with GPIO port 4
2024-07-03 23:35:01,814 - services.sensor_service - INFO - Reading data from sensor 3 with GPIO port 5
2024-07-03 23:35:01,814 - services.sensor_service - INFO - Reading data from sensor 4 with GPIO port 5
2024-07-03 23:35:01,862 - database.models.realtime_sensor_data - INFO - Updated value with 1 of existing sensor 1 at 2024-07-03 23:35:01.814814
2024-07-03 23:35:01,915 - database.models.realtime_sensor_data - INFO - Updated value with 1 of existing sensor 2 at 2024-07-03 23:35:01.862932
2024-07-03 23:35:01,972 - database.models.realtime_sensor_data - INFO - Updated value with 1 of existing sensor 3 at 2024-07-03 23:35:01.915709
2024-07-03 23:35:02,020 - database.models.realtime_sensor_data - INFO - Updated value with 1 of existing sensor 4 at 2024-07-03 23:35:01.972722
2024-07-03 23:35:02,643 - services.irrigation_service - INFO - No irrigation needed
2024-07-03 23:35:03,797 - services.irrigation_service - INFO - No irrigation needed
2024-07-03 23:35:04,055 - services.sensor_service - INFO - Reading data from sensor 1 with GPIO port 4
2024-07-03 23:35:04,056 - services.sensor_service - INFO - Reading data from sensor 2 with GPIO port 4
2024-07-03 23:35:04,056 - services.sensor_service - INFO - Reading data from sensor 3 with GPIO port 5
2024-07-03 23:35:04,056 - services.sensor_service - INFO - Reading data from sensor 4 with GPIO port 5
2024-07-03 23:35:04,107 - database.models.realtime_sensor_data - INFO - Updated value with 1 of existing sensor 1 at 2024-07-03 23:35:04.056283
2024-07-03 23:35:04,176 - database.models.realtime_sensor_data - INFO - Updated value with 1 of existing sensor 2 at 2024-07-03 23:35:04.108082
2024-07-03 23:35:04,225 - database.models.realtime_sensor_data - INFO - Updated value with 1 of existing sensor 3 at 2024-07-03 23:35:04.176488
2024-07-03 23:35:04,299 - database.models.realtime_sensor_data - INFO - Updated value with 1 of existing sensor 4 at 2024-07-03 23:35:04.225626
2024-07-03 23:35:04,900 - services.irrigation_service - INFO - No irrigation needed
2024-07-03 23:35:05,975 - services.irrigation_service - INFO - No irrigation needed
2024-07-03 23:35:06,330 - services.sensor_service - INFO - Reading data from sensor 1 with GPIO port 4
2024-07-03 23:35:06,331 - services.sensor_service - INFO - Reading data from sensor 2 with GPIO port 4
2024-07-03 23:35:06,331 - services.sensor_service - INFO - Reading data from sensor 3 with GPIO port 5
2024-07-03 23:35:06,331 - services.sensor_service - INFO - Reading data from sensor 4 with GPIO port 5
2024-07-03 23:35:06,377 - database.models.realtime_sensor_data - INFO - Updated value with 1 of existing sensor 1 at 2024-07-03 23:35:06.331456
2024-07-03 23:35:06,435 - database.models.realtime_sensor_data - INFO - Updated value with 1 of existing sensor 2 at 2024-07-03 23:35:06.378253
2024-07-03 23:35:06,484 - database.models.realtime_sensor_data - INFO - Updated value with 1 of existing sensor 3 at 2024-07-03 23:35:06.436244
2024-07-03 23:35:06,530 - database.models.realtime_sensor_data - INFO - Updated value with 1 of existing sensor 4 at 2024-07-03 23:35:06.484221
2024-07-03 23:35:07,043 - services.irrigation_service - INFO - No irrigation needed
2024-07-03 23:35:08,146 - services.irrigation_service - INFO - No irrigation needed
2024-07-03 23:35:08,563 - services.sensor_service - INFO - Reading data from sensor 1 with GPIO port 4
2024-07-03 23:35:08,563 - services.sensor_service - INFO - Reading data from sensor 2 with GPIO port 4
2024-07-03 23:35:08,563 - services.sensor_service - INFO - Reading data from sensor 3 with GPIO port 5
2024-07-03 23:35:08,563 - services.sensor_service - INFO - Reading data from sensor 4 with GPIO port 5
2024-07-03 23:35:08,620 - database.models.realtime_sensor_data - INFO - Updated value with 1 of existing sensor 1 at 2024-07-03 23:35:08.563965
2024-07-03 23:35:08,669 - database.models.realtime_sensor_data - INFO - Updated value with 1 of existing sensor 2 at 2024-07-03 23:35:08.620424
2024-07-03 23:35:08,719 - database.models.realtime_sensor_data - INFO - Updated value with 1 of existing sensor 3 at 2024-07-03 23:35:08.669942
2024-07-03 23:35:08,771 - database.models.realtime_sensor_data - INFO - Updated value with 1 of existing sensor 4 at 2024-07-03 23:35:08.720431
2024-07-03 23:35:09,216 - services.irrigation_service - INFO - No irrigation needed
2024-07-03 23:35:10,288 - services.irrigation_service - INFO - No irrigation needed
2024-07-03 23:35:10,799 - services.sensor_service - INFO - Reading data from sensor 1 with GPIO port 4
2024-07-03 23:35:10,800 - services.sensor_service - INFO - Reading data from sensor 2 with GPIO port 4
2024-07-03 23:35:10,800 - services.sensor_service - INFO - Reading data from sensor 3 with GPIO port 5
2024-07-03 23:35:10,800 - services.sensor_service - INFO - Reading data from sensor 4 with GPIO port 5
2024-07-03 23:35:10,854 - database.models.realtime_sensor_data - INFO - Updated value with 1 of existing sensor 1 at 2024-07-03 23:35:10.800187
2024-07-03 23:35:10,910 - database.models.realtime_sensor_data - INFO - Updated value with 1 of existing sensor 2 at 2024-07-03 23:35:10.854642
2024-07-03 23:35:10,956 - database.models.realtime_sensor_data - INFO - Updated value with 1 of existing sensor 3 at 2024-07-03 23:35:10.910387
2024-07-03 23:35:11,001 - database.models.realtime_sensor_data - INFO - Updated value with 1 of existing sensor 4 at 2024-07-03 23:35:10.957006
2024-07-03 23:35:11,361 - services.irrigation_service - INFO - No irrigation needed
2024-07-03 23:35:12,431 - services.irrigation_service - INFO - No irrigation needed
2024-07-03 23:35:13,044 - services.sensor_service - INFO - Reading data from sensor 1 with GPIO port 4
2024-07-03 23:35:13,044 - services.sensor_service - INFO - Reading data from sensor 2 with GPIO port 4
2024-07-03 23:35:13,044 - services.sensor_service - INFO - Reading data from sensor 3 with GPIO port 5
2024-07-03 23:35:13,045 - services.sensor_service - INFO - Reading data from sensor 4 with GPIO port 5
2024-07-03 23:35:13,163 - database.models.realtime_sensor_data - INFO - Updated value with 1 of existing sensor 1 at 2024-07-03 23:35:13.045181
2024-07-03 23:35:13,236 - database.models.realtime_sensor_data - INFO - Updated value with 1 of existing sensor 2 at 2024-07-03 23:35:13.164306
2024-07-03 23:35:13,280 - database.models.realtime_sensor_data - INFO - Updated value with 1 of existing sensor 3 at 2024-07-03 23:35:13.236910
2024-07-03 23:35:13,326 - database.models.realtime_sensor_data - INFO - Updated value with 1 of existing sensor 4 at 2024-07-03 23:35:13.280481
2024-07-03 23:35:13,518 - services.irrigation_service - INFO - No irrigation needed
2024-07-03 23:35:14,586 - services.irrigation_service - INFO - No irrigation needed
2024-07-03 23:35:15,359 - services.sensor_service - INFO - Reading data from sensor 1 with GPIO port 4
2024-07-03 23:35:15,359 - services.sensor_service - INFO - Reading data from sensor 2 with GPIO port 4
2024-07-03 23:35:15,359 - services.sensor_service - INFO - Reading data from sensor 3 with GPIO port 5
2024-07-03 23:35:15,360 - services.sensor_service - INFO - Reading data from sensor 4 with GPIO port 5
2024-07-03 23:35:15,414 - database.models.realtime_sensor_data - INFO - Updated value with 1 of existing sensor 1 at 2024-07-03 23:35:15.360162
2024-07-03 23:35:15,463 - database.models.realtime_sensor_data - INFO - Updated value with 1 of existing sensor 2 at 2024-07-03 23:35:15.414863
2024-07-03 23:35:15,510 - database.models.realtime_sensor_data - INFO - Updated value with 1 of existing sensor 3 at 2024-07-03 23:35:15.463852
2024-07-03 23:35:15,567 - database.models.realtime_sensor_data - INFO - Updated value with 1 of existing sensor 4 at 2024-07-03 23:35:15.511134
2024-07-03 23:35:15,652 - services.irrigation_service - INFO - No irrigation needed
2024-07-03 23:35:16,735 - services.irrigation_service - INFO - No irrigation needed
2024-07-03 23:35:17,601 - services.sensor_service - INFO - Reading data from sensor 1 with GPIO port 4
2024-07-03 23:35:17,601 - services.sensor_service - INFO - Reading data from sensor 2 with GPIO port 4
2024-07-03 23:35:17,601 - services.sensor_service - INFO - Reading data from sensor 3 with GPIO port 5
2024-07-03 23:35:17,601 - services.sensor_service - INFO - Reading data from sensor 4 with GPIO port 5
2024-07-03 23:35:17,651 - database.models.realtime_sensor_data - INFO - Updated value with 1 of existing sensor 1 at 2024-07-03 23:35:17.601767
2024-07-03 23:35:17,702 - database.models.realtime_sensor_data - INFO - Updated value with 1 of existing sensor 2 at 2024-07-03 23:35:17.651712
2024-07-03 23:35:17,787 - database.models.realtime_sensor_data - INFO - Updated value with 1 of existing sensor 3 at 2024-07-03 23:35:17.702858
2024-07-03 23:35:17,819 - services.irrigation_service - INFO - No irrigation needed
2024-07-03 23:35:17,851 - database.models.realtime_sensor_data - INFO - Updated value with 1 of existing sensor 4 at 2024-07-03 23:35:17.788155
2024-07-03 23:35:18,909 - services.irrigation_service - INFO - No irrigation needed
2024-07-03 23:35:19,887 - services.sensor_service - INFO - Reading data from sensor 1 with GPIO port 4
2024-07-03 23:35:19,887 - services.sensor_service - INFO - Reading data from sensor 2 with GPIO port 4
2024-07-03 23:35:19,887 - services.sensor_service - INFO - Reading data from sensor 3 with GPIO port 5
2024-07-03 23:35:19,887 - services.sensor_service - INFO - Reading data from sensor 4 with GPIO port 5
2024-07-03 23:35:19,940 - database.models.realtime_sensor_data - INFO - Updated value with 1 of existing sensor 1 at 2024-07-03 23:35:19.887876
2024-07-03 23:35:19,998 - database.models.realtime_sensor_data - INFO - Updated value with 1 of existing sensor 2 at 2024-07-03 23:35:19.940396
2024-07-03 23:35:20,005 - services.irrigation_service - INFO - No irrigation needed
2024-07-03 23:35:20,055 - database.models.realtime_sensor_data - INFO - Updated value with 1 of existing sensor 3 at 2024-07-03 23:35:19.999388
2024-07-03 23:35:20,110 - database.models.realtime_sensor_data - INFO - Updated value with 1 of existing sensor 4 at 2024-07-03 23:35:20.055447
2024-07-03 23:35:21,072 - services.irrigation_service - INFO - No irrigation needed
2024-07-03 23:35:22,136 - services.sensor_service - INFO - Reading data from sensor 1 with GPIO port 4
2024-07-03 23:35:22,136 - services.sensor_service - INFO - Reading data from sensor 2 with GPIO port 4
2024-07-03 23:35:22,136 - services.sensor_service - INFO - Reading data from sensor 3 with GPIO port 5
2024-07-03 23:35:22,137 - services.sensor_service - INFO - Reading data from sensor 4 with GPIO port 5
2024-07-03 23:35:22,139 - services.irrigation_service - INFO - No irrigation needed
2024-07-03 23:35:22,183 - database.models.realtime_sensor_data - INFO - Updated value with 1 of existing sensor 1 at 2024-07-03 23:35:22.137098
2024-07-03 23:35:22,228 - database.models.realtime_sensor_data - INFO - Updated value with 1 of existing sensor 2 at 2024-07-03 23:35:22.184010
2024-07-03 23:35:22,275 - database.models.realtime_sensor_data - INFO - Updated value with 1 of existing sensor 3 at 2024-07-03 23:35:22.229001
2024-07-03 23:35:22,331 - database.models.realtime_sensor_data - INFO - Updated value with 1 of existing sensor 4 at 2024-07-03 23:35:22.275307
2024-07-03 23:35:22,869 - services.database_monitoring_service - INFO - New schedule(s) found. Updating schedule list.
2024-07-03 23:35:23,205 - services.irrigation_service - INFO - No irrigation needed
2024-07-03 23:35:24,272 - services.irrigation_service - INFO - No irrigation needed
2024-07-03 23:35:24,358 - services.sensor_service - INFO - Reading data from sensor 1 with GPIO port 4
2024-07-03 23:35:24,358 - services.sensor_service - INFO - Reading data from sensor 2 with GPIO port 4
2024-07-03 23:35:24,358 - services.sensor_service - INFO - Reading data from sensor 3 with GPIO port 5
2024-07-03 23:35:24,358 - services.sensor_service - INFO - Reading data from sensor 4 with GPIO port 5
2024-07-03 23:35:24,404 - database.models.realtime_sensor_data - INFO - Updated value with 1 of existing sensor 1 at 2024-07-03 23:35:24.358496
2024-07-03 23:35:24,452 - database.models.realtime_sensor_data - INFO - Updated value with 1 of existing sensor 2 at 2024-07-03 23:35:24.404252
2024-07-03 23:35:24,497 - database.models.realtime_sensor_data - INFO - Updated value with 1 of existing sensor 3 at 2024-07-03 23:35:24.452763
2024-07-03 23:35:24,544 - database.models.realtime_sensor_data - INFO - Updated value with 1 of existing sensor 4 at 2024-07-03 23:35:24.497793
2024-07-03 23:35:25,346 - services.irrigation_service - INFO - No irrigation needed
2024-07-03 23:35:26,417 - services.irrigation_service - INFO - No irrigation needed
2024-07-03 23:35:26,569 - services.sensor_service - INFO - Reading data from sensor 1 with GPIO port 4
2024-07-03 23:35:26,569 - services.sensor_service - INFO - Reading data from sensor 2 with GPIO port 4
2024-07-03 23:35:26,569 - services.sensor_service - INFO - Reading data from sensor 3 with GPIO port 5
2024-07-03 23:35:26,569 - services.sensor_service - INFO - Reading data from sensor 4 with GPIO port 5
2024-07-03 23:35:26,618 - database.models.realtime_sensor_data - INFO - Updated value with 1 of existing sensor 1 at 2024-07-03 23:35:26.569853
2024-07-03 23:35:26,665 - database.models.realtime_sensor_data - INFO - Updated value with 1 of existing sensor 2 at 2024-07-03 23:35:26.619061
2024-07-03 23:35:26,710 - database.models.realtime_sensor_data - INFO - Updated value with 1 of existing sensor 3 at 2024-07-03 23:35:26.665452
2024-07-03 23:35:26,763 - database.models.realtime_sensor_data - INFO - Updated value with 1 of existing sensor 4 at 2024-07-03 23:35:26.710834
2024-07-03 23:35:27,484 - services.irrigation_service - INFO - No irrigation needed
2024-07-03 23:35:28,545 - services.irrigation_service - INFO - No irrigation needed
2024-07-03 23:35:28,789 - services.sensor_service - INFO - Reading data from sensor 1 with GPIO port 4
2024-07-03 23:35:28,789 - services.sensor_service - INFO - Reading data from sensor 2 with GPIO port 4
2024-07-03 23:35:28,789 - services.sensor_service - INFO - Reading data from sensor 3 with GPIO port 5
2024-07-03 23:35:28,789 - services.sensor_service - INFO - Reading data from sensor 4 with GPIO port 5
2024-07-03 23:35:28,844 - database.models.realtime_sensor_data - INFO - Updated value with 1 of existing sensor 1 at 2024-07-03 23:35:28.789494
2024-07-03 23:35:28,887 - database.models.realtime_sensor_data - INFO - Updated value with 1 of existing sensor 2 at 2024-07-03 23:35:28.844550
2024-07-03 23:35:28,934 - database.models.realtime_sensor_data - INFO - Updated value with 1 of existing sensor 3 at 2024-07-03 23:35:28.887562
2024-07-03 23:35:28,978 - database.models.realtime_sensor_data - INFO - Updated value with 1 of existing sensor 4 at 2024-07-03 23:35:28.934231
2024-07-03 23:35:29,607 - services.irrigation_service - INFO - No irrigation needed
2024-07-03 23:35:30,677 - services.irrigation_service - INFO - No irrigation needed
2024-07-03 23:35:31,014 - services.sensor_service - INFO - Reading data from sensor 1 with GPIO port 4
2024-07-03 23:35:31,014 - services.sensor_service - INFO - Reading data from sensor 2 with GPIO port 4
2024-07-03 23:35:31,014 - services.sensor_service - INFO - Reading data from sensor 3 with GPIO port 5
2024-07-03 23:35:31,014 - services.sensor_service - INFO - Reading data from sensor 4 with GPIO port 5
2024-07-03 23:35:31,056 - database.models.realtime_sensor_data - INFO - Updated value with 1 of existing sensor 1 at 2024-07-03 23:35:31.014375
2024-07-03 23:35:31,097 - database.models.realtime_sensor_data - INFO - Updated value with 1 of existing sensor 2 at 2024-07-03 23:35:31.056899
2024-07-03 23:35:31,156 - database.models.realtime_sensor_data - INFO - Updated value with 1 of existing sensor 3 at 2024-07-03 23:35:31.097576
2024-07-03 23:35:31,209 - database.models.realtime_sensor_data - INFO - Updated value with 1 of existing sensor 4 at 2024-07-03 23:35:31.156882
2024-07-03 23:35:31,748 - services.irrigation_service - INFO - No irrigation needed
2024-07-03 23:35:32,816 - services.irrigation_service - INFO - No irrigation needed
2024-07-03 23:35:33,239 - services.sensor_service - INFO - Reading data from sensor 1 with GPIO port 4
2024-07-03 23:35:33,239 - services.sensor_service - INFO - Reading data from sensor 2 with GPIO port 4
2024-07-03 23:35:33,239 - services.sensor_service - INFO - Reading data from sensor 3 with GPIO port 5
2024-07-03 23:35:33,239 - services.sensor_service - INFO - Reading data from sensor 4 with GPIO port 5
2024-07-03 23:35:33,301 - database.models.realtime_sensor_data - INFO - Updated value with 1 of existing sensor 1 at 2024-07-03 23:35:33.239925
2024-07-03 23:35:33,421 - database.models.realtime_sensor_data - INFO - Updated value with 1 of existing sensor 2 at 2024-07-03 23:35:33.301471
2024-07-03 23:35:33,502 - database.models.realtime_sensor_data - INFO - Updated value with 1 of existing sensor 3 at 2024-07-03 23:35:33.421793
2024-07-03 23:35:33,608 - database.models.realtime_sensor_data - INFO - Updated value with 1 of existing sensor 4 at 2024-07-03 23:35:33.503090
2024-07-03 23:35:33,881 - services.irrigation_service - INFO - No irrigation needed
2024-07-03 23:35:34,947 - services.irrigation_service - INFO - No irrigation needed
2024-07-03 23:35:35,630 - services.sensor_service - INFO - Reading data from sensor 1 with GPIO port 4
2024-07-03 23:35:35,630 - services.sensor_service - INFO - Reading data from sensor 2 with GPIO port 4
2024-07-03 23:35:35,630 - services.sensor_service - INFO - Reading data from sensor 3 with GPIO port 5
2024-07-03 23:35:35,630 - services.sensor_service - INFO - Reading data from sensor 4 with GPIO port 5
2024-07-03 23:35:35,674 - database.models.realtime_sensor_data - INFO - Updated value with 1 of existing sensor 1 at 2024-07-03 23:35:35.630793
2024-07-03 23:35:35,722 - database.models.realtime_sensor_data - INFO - Updated value with 1 of existing sensor 2 at 2024-07-03 23:35:35.674747
2024-07-03 23:35:35,766 - database.models.realtime_sensor_data - INFO - Updated value with 1 of existing sensor 3 at 2024-07-03 23:35:35.722685
2024-07-03 23:35:35,871 - database.models.realtime_sensor_data - INFO - Updated value with 1 of existing sensor 4 at 2024-07-03 23:35:35.766403
2024-07-03 23:35:36,014 - services.irrigation_service - INFO - No irrigation needed
2024-07-03 23:35:37,082 - services.irrigation_service - INFO - No irrigation needed
2024-07-03 23:35:37,898 - services.sensor_service - INFO - Reading data from sensor 1 with GPIO port 4
2024-07-03 23:35:37,898 - services.sensor_service - INFO - Reading data from sensor 2 with GPIO port 4
2024-07-03 23:35:37,898 - services.sensor_service - INFO - Reading data from sensor 3 with GPIO port 5
2024-07-03 23:35:37,898 - services.sensor_service - INFO - Reading data from sensor 4 with GPIO port 5
2024-07-03 23:35:37,965 - database.models.realtime_sensor_data - INFO - Updated value with 1 of existing sensor 1 at 2024-07-03 23:35:37.898785
2024-07-03 23:35:38,022 - database.models.realtime_sensor_data - INFO - Updated value with 1 of existing sensor 2 at 2024-07-03 23:35:37.966177
2024-07-03 23:35:38,077 - database.models.realtime_sensor_data - INFO - Updated value with 1 of existing sensor 3 at 2024-07-03 23:35:38.022668
2024-07-03 23:35:38,142 - database.models.realtime_sensor_data - INFO - Updated value with 1 of existing sensor 4 at 2024-07-03 23:35:38.077292
2024-07-03 23:35:38,181 - services.irrigation_service - INFO - No irrigation needed
2024-07-03 23:35:39,248 - services.irrigation_service - INFO - No irrigation needed
2024-07-03 23:35:40,170 - services.sensor_service - INFO - Reading data from sensor 1 with GPIO port 4
2024-07-03 23:35:40,171 - services.sensor_service - INFO - Reading data from sensor 2 with GPIO port 4
2024-07-03 23:35:40,171 - services.sensor_service - INFO - Reading data from sensor 3 with GPIO port 5
2024-07-03 23:35:40,171 - services.sensor_service - INFO - Reading data from sensor 4 with GPIO port 5
2024-07-03 23:35:40,215 - database.models.realtime_sensor_data - INFO - Updated value with 1 of existing sensor 1 at 2024-07-03 23:35:40.171383
2024-07-03 23:35:40,262 - database.models.realtime_sensor_data - INFO - Updated value with 1 of existing sensor 2 at 2024-07-03 23:35:40.215398
2024-07-03 23:35:40,305 - database.models.realtime_sensor_data - INFO - Updated value with 1 of existing sensor 3 at 2024-07-03 23:35:40.262439
2024-07-03 23:35:40,312 - services.irrigation_service - INFO - No irrigation needed
2024-07-03 23:35:40,351 - database.models.realtime_sensor_data - INFO - Updated value with 1 of existing sensor 4 at 2024-07-03 23:35:40.306056
2024-07-03 23:35:41,389 - services.irrigation_service - INFO - No irrigation needed
2024-07-03 23:35:42,383 - services.sensor_service - INFO - Reading data from sensor 1 with GPIO port 4
2024-07-03 23:35:42,383 - services.sensor_service - INFO - Reading data from sensor 2 with GPIO port 4
2024-07-03 23:35:42,383 - services.sensor_service - INFO - Reading data from sensor 3 with GPIO port 5
2024-07-03 23:35:42,383 - services.sensor_service - INFO - Reading data from sensor 4 with GPIO port 5
2024-07-03 23:35:42,430 - database.models.realtime_sensor_data - INFO - Updated value with 1 of existing sensor 1 at 2024-07-03 23:35:42.383904
2024-07-03 23:35:42,455 - services.irrigation_service - INFO - No irrigation needed
2024-07-03 23:35:42,475 - database.models.realtime_sensor_data - INFO - Updated value with 1 of existing sensor 2 at 2024-07-03 23:35:42.430890
2024-07-03 23:35:42,522 - database.models.realtime_sensor_data - INFO - Updated value with 1 of existing sensor 3 at 2024-07-03 23:35:42.475418
2024-07-03 23:35:42,567 - database.models.realtime_sensor_data - INFO - Updated value with 1 of existing sensor 4 at 2024-07-03 23:35:42.523119
2024-07-03 23:35:43,525 - services.irrigation_service - INFO - No irrigation needed
2024-07-03 23:35:44,593 - services.sensor_service - INFO - Reading data from sensor 1 with GPIO port 4
2024-07-03 23:35:44,593 - services.sensor_service - INFO - Reading data from sensor 2 with GPIO port 4
2024-07-03 23:35:44,593 - services.sensor_service - INFO - Reading data from sensor 3 with GPIO port 5
2024-07-03 23:35:44,593 - services.sensor_service - INFO - Reading data from sensor 4 with GPIO port 5
2024-07-03 23:35:44,595 - services.irrigation_service - INFO - No irrigation needed
2024-07-03 23:35:44,640 - database.models.realtime_sensor_data - INFO - Updated value with 1 of existing sensor 1 at 2024-07-03 23:35:44.593667
2024-07-03 23:35:44,683 - database.models.realtime_sensor_data - INFO - Updated value with 1 of existing sensor 2 at 2024-07-03 23:35:44.640767
2024-07-03 23:35:44,734 - database.models.realtime_sensor_data - INFO - Updated value with 1 of existing sensor 3 at 2024-07-03 23:35:44.683390
2024-07-03 23:35:44,782 - database.models.realtime_sensor_data - INFO - Updated value with 1 of existing sensor 4 at 2024-07-03 23:35:44.734818
2024-07-03 23:35:45,654 - services.irrigation_service - INFO - No irrigation needed
2024-07-03 23:35:46,724 - services.irrigation_service - INFO - No irrigation needed
2024-07-03 23:35:46,810 - services.sensor_service - INFO - Reading data from sensor 1 with GPIO port 4
2024-07-03 23:35:46,810 - services.sensor_service - INFO - Reading data from sensor 2 with GPIO port 4
2024-07-03 23:35:46,810 - services.sensor_service - INFO - Reading data from sensor 3 with GPIO port 5
2024-07-03 23:35:46,810 - services.sensor_service - INFO - Reading data from sensor 4 with GPIO port 5
2024-07-03 23:35:46,855 - database.models.realtime_sensor_data - INFO - Updated value with 1 of existing sensor 1 at 2024-07-03 23:35:46.810999
2024-07-03 23:35:46,901 - database.models.realtime_sensor_data - INFO - Updated value with 1 of existing sensor 2 at 2024-07-03 23:35:46.855234
2024-07-03 23:35:46,949 - database.models.realtime_sensor_data - INFO - Updated value with 1 of existing sensor 3 at 2024-07-03 23:35:46.901980
2024-07-03 23:35:47,046 - database.models.realtime_sensor_data - INFO - Updated value with 1 of existing sensor 4 at 2024-07-03 23:35:46.949269
2024-07-03 23:35:47,788 - services.irrigation_service - INFO - No irrigation needed
2024-07-03 23:35:48,860 - services.irrigation_service - INFO - No irrigation needed
2024-07-03 23:35:49,074 - services.sensor_service - INFO - Reading data from sensor 1 with GPIO port 4
2024-07-03 23:35:49,074 - services.sensor_service - INFO - Reading data from sensor 2 with GPIO port 4
2024-07-03 23:35:49,075 - services.sensor_service - INFO - Reading data from sensor 3 with GPIO port 5
2024-07-03 23:35:49,075 - services.sensor_service - INFO - Reading data from sensor 4 with GPIO port 5
2024-07-03 23:35:49,119 - database.models.realtime_sensor_data - INFO - Updated value with 1 of existing sensor 1 at 2024-07-03 23:35:49.075114
2024-07-03 23:35:49,161 - database.models.realtime_sensor_data - INFO - Updated value with 1 of existing sensor 2 at 2024-07-03 23:35:49.119400
2024-07-03 23:35:49,206 - database.models.realtime_sensor_data - INFO - Updated value with 1 of existing sensor 3 at 2024-07-03 23:35:49.161984
2024-07-03 23:35:49,247 - database.models.realtime_sensor_data - INFO - Updated value with 1 of existing sensor 4 at 2024-07-03 23:35:49.206216
2024-07-03 23:35:49,945 - services.irrigation_service - INFO - No irrigation needed
2024-07-03 23:35:51,033 - services.irrigation_service - INFO - No irrigation needed
2024-07-03 23:35:51,287 - services.sensor_service - INFO - Reading data from sensor 1 with GPIO port 4
2024-07-03 23:35:51,287 - services.sensor_service - INFO - Reading data from sensor 2 with GPIO port 4
2024-07-03 23:35:51,288 - services.sensor_service - INFO - Reading data from sensor 3 with GPIO port 5
2024-07-03 23:35:51,288 - services.sensor_service - INFO - Reading data from sensor 4 with GPIO port 5
2024-07-03 23:35:51,345 - database.models.realtime_sensor_data - INFO - Updated value with 1 of existing sensor 1 at 2024-07-03 23:35:51.288082
2024-07-03 23:35:51,403 - database.models.realtime_sensor_data - INFO - Updated value with 1 of existing sensor 2 at 2024-07-03 23:35:51.345777
2024-07-03 23:35:51,450 - database.models.realtime_sensor_data - INFO - Updated value with 1 of existing sensor 3 at 2024-07-03 23:35:51.403824
2024-07-03 23:35:51,496 - database.models.realtime_sensor_data - INFO - Updated value with 1 of existing sensor 4 at 2024-07-03 23:35:51.450818
2024-07-03 23:35:52,286 - services.irrigation_service - INFO - No irrigation needed
2024-07-03 23:35:53,469 - services.irrigation_service - INFO - No irrigation needed
2024-07-03 23:35:53,532 - services.sensor_service - INFO - Reading data from sensor 1 with GPIO port 4
2024-07-03 23:35:53,533 - services.sensor_service - INFO - Reading data from sensor 2 with GPIO port 4
2024-07-03 23:35:53,533 - services.sensor_service - INFO - Reading data from sensor 3 with GPIO port 5
2024-07-03 23:35:53,533 - services.sensor_service - INFO - Reading data from sensor 4 with GPIO port 5
2024-07-03 23:35:53,650 - database.models.realtime_sensor_data - INFO - Updated value with 1 of existing sensor 1 at 2024-07-03 23:35:53.533294
2024-07-03 23:35:53,746 - database.models.realtime_sensor_data - INFO - Updated value with 1 of existing sensor 2 at 2024-07-03 23:35:53.651125
2024-07-03 23:35:53,833 - database.models.realtime_sensor_data - INFO - Updated value with 1 of existing sensor 3 at 2024-07-03 23:35:53.747018
2024-07-03 23:35:53,891 - database.models.realtime_sensor_data - INFO - Updated value with 1 of existing sensor 4 at 2024-07-03 23:35:53.833478
2024-07-03 23:35:54,638 - services.irrigation_service - INFO - No irrigation needed
2024-07-03 23:35:55,701 - services.irrigation_service - INFO - No irrigation needed
2024-07-03 23:35:55,923 - services.sensor_service - INFO - Reading data from sensor 1 with GPIO port 4
2024-07-03 23:35:55,923 - services.sensor_service - INFO - Reading data from sensor 2 with GPIO port 4
2024-07-03 23:35:55,923 - services.sensor_service - INFO - Reading data from sensor 3 with GPIO port 5
2024-07-03 23:35:55,923 - services.sensor_service - INFO - Reading data from sensor 4 with GPIO port 5
2024-07-03 23:35:55,966 - database.models.realtime_sensor_data - INFO - Updated value with 1 of existing sensor 1 at 2024-07-03 23:35:55.923966
2024-07-03 23:35:56,011 - database.models.realtime_sensor_data - INFO - Updated value with 1 of existing sensor 2 at 2024-07-03 23:35:55.966577
2024-07-03 23:35:56,054 - database.models.realtime_sensor_data - INFO - Updated value with 1 of existing sensor 3 at 2024-07-03 23:35:56.011988
2024-07-03 23:35:56,095 - database.models.realtime_sensor_data - INFO - Updated value with 1 of existing sensor 4 at 2024-07-03 23:35:56.054102
2024-07-03 23:35:56,766 - services.irrigation_service - INFO - No irrigation needed
2024-07-03 23:35:57,371 - services.sensor_service - INFO - Reading data from sensor 1 with GPIO port 4
2024-07-03 23:35:57,371 - services.sensor_service - INFO - Reading data from sensor 2 with GPIO port 4
2024-07-03 23:35:57,371 - services.sensor_service - INFO - Reading data from sensor 3 with GPIO port 5
2024-07-03 23:35:57,371 - services.sensor_service - INFO - Reading data from sensor 4 with GPIO port 5
2024-07-03 23:35:57,413 - database.models.realtime_sensor_data - INFO - Updated value with 1 of existing sensor 1 at 2024-07-03 23:35:57.371718
2024-07-03 23:35:57,457 - database.models.realtime_sensor_data - INFO - Updated value with 1 of existing sensor 2 at 2024-07-03 23:35:57.413633
2024-07-03 23:35:57,500 - database.models.realtime_sensor_data - INFO - Updated value with 1 of existing sensor 3 at 2024-07-03 23:35:57.457255
2024-07-03 23:35:57,544 - database.models.realtime_sensor_data - INFO - Updated value with 1 of existing sensor 4 at 2024-07-03 23:35:57.500344
2024-07-03 23:35:57,544 - services.sensor_service - INFO - Stopped sensor service
2024-07-03 23:35:57,545 - services.irrigation_service - INFO - Stopped irrigation service
